<?xml version="1.0" encoding="UTF-8"?>
<testng-results ignored="0" total="2" passed="2" failed="0" skipped="0">
  <reporter-output>
  </reporter-output>
  <suite started-at="2024-06-22T19:19:33 IST" name="Default suite" finished-at="2024-06-22T19:22:52 IST" duration-ms="198946">
    <groups>
    </groups>
    <test started-at="2024-06-22T19:19:33 IST" name="Default test" finished-at="2024-06-22T19:22:52 IST" duration-ms="198946">
      <class name="test_lazza_auto_prjt.Testlazz">
        <test-method is-config="true" signature="t1()[pri:0, instance:test_lazza_auto_prjt.Testlazz@2a65fe7c]" started-at="2024-06-22T19:19:33 IST" name="t1" finished-at="2024-06-22T19:19:35 IST" duration-ms="1708" status="PASS">
          <reporter-output>
          </reporter-output>
        </test-method> <!-- t1 -->
        <test-method is-config="true" signature="t2()[pri:0, instance:test_lazza_auto_prjt.Testlazz@2a65fe7c]" started-at="2024-06-22T19:19:35 IST" name="t2" finished-at="2024-06-22T19:20:03 IST" duration-ms="28228" status="PASS">
          <reporter-output>
          </reporter-output>
        </test-method> <!-- t2 -->
        <test-method signature="tlz()[pri:0, instance:test_lazza_auto_prjt.Testlazz@2a65fe7c]" started-at="2024-06-22T19:20:03 IST" name="tlz" finished-at="2024-06-22T19:20:44 IST" duration-ms="40939" status="PASS">
          <reporter-output>
          </reporter-output>
        </test-method> <!-- tlz -->
        <test-method is-config="true" signature="t2()[pri:0, instance:test_lazza_auto_prjt.Testlazz@2a65fe7c]" started-at="2024-06-22T19:20:44 IST" name="t2" finished-at="2024-06-22T19:20:46 IST" duration-ms="1581" status="PASS">
          <reporter-output>
          </reporter-output>
        </test-method> <!-- t2 -->
        <test-method signature="tlz1()[pri:0, instance:test_lazza_auto_prjt.Testlazz@2a65fe7c]" started-at="2024-06-22T19:20:46 IST" name="tlz1" finished-at="2024-06-22T19:22:52 IST" duration-ms="126424" status="PASS">
          <reporter-output>
          </reporter-output>
        </test-method> <!-- tlz1 -->
      </class> <!-- test_lazza_auto_prjt.Testlazz -->
    </test> <!-- Default test -->
  </suite> <!-- Default suite -->
</testng-results>
